<?xml version="1.0" encoding="UTF-8"?>
<robot generator="Robot 3.1.1 (Python 3.7.2 on win32)" generated="20210520 09:45:36.063" rpa="false">
<suite id="s1" name="Busca" source="C:\Ciandt\Projeto Web\tests\busca.robot">
<kw name="Open Session" library="BasePage" type="setup">
<kw name="Open Firefox" library="BasePage">
<kw name="Open Browser" library="SeleniumLibrary">
<doc>Opens a new browser instance to the given ``url``.</doc>
<arguments>
<arg>${base_url}</arg>
<arg>firefox</arg>
<arg>options=add_experimental_option('excludeSwitches', ['enable-logging'])</arg>
</arguments>
<msg timestamp="20210520 09:45:36.307" level="INFO">Opening browser 'firefox' to base url 'https://www.magazineluiza.com.br/'.</msg>
<status status="PASS" starttime="20210520 09:45:36.306" endtime="20210520 09:46:03.074"></status>
</kw>
<status status="PASS" starttime="20210520 09:45:36.306" endtime="20210520 09:46:03.074"></status>
</kw>
<kw name="Set Selenium Implicit Wait" library="SeleniumLibrary">
<doc>Sets the implicit wait value used by Selenium.</doc>
<arguments>
<arg>9</arg>
</arguments>
<status status="PASS" starttime="20210520 09:46:03.074" endtime="20210520 09:46:03.074"></status>
</kw>
<kw name="Set Window Size" library="SeleniumLibrary">
<doc>Sets current windows size to given ``width`` and ``height``.</doc>
<arguments>
<arg>1280</arg>
<arg>800</arg>
</arguments>
<status status="PASS" starttime="20210520 09:46:03.074" endtime="20210520 09:46:03.157"></status>
</kw>
<status status="PASS" starttime="20210520 09:45:36.306" endtime="20210520 09:46:03.160"></status>
</kw>
<test id="s1-t1" name="Busca de Produdo com Sucesso e Inserção no carrinho">
<kw name="Quando buscar por produto específico" library="Actions">
<kw name="Input Text" library="SeleniumLibrary">
<doc>Types the given ``text`` into text field identified by ``locator``.</doc>
<arguments>
<arg>${CAMPO_BUSCA}</arg>
<arg>SOFA</arg>
</arguments>
<msg timestamp="20210520 09:46:03.162" level="INFO">Typing text 'SOFA' into text field 'xpath=//*[@class="field-input-search ui-autocomplete-input"]'.</msg>
<status status="PASS" starttime="20210520 09:46:03.162" endtime="20210520 09:46:04.662"></status>
</kw>
<kw name="Click Element" library="SeleniumLibrary">
<doc>Click element identified by ``locator``.</doc>
<arguments>
<arg>${BTN_PESQUISAR}</arg>
</arguments>
<msg timestamp="20210520 09:46:04.662" level="INFO">Clicking element 'xpath=//*[@class="container-bloom-header field-icon-search"]'.</msg>
<status status="PASS" starttime="20210520 09:46:04.662" endtime="20210520 09:46:09.377"></status>
</kw>
<status status="PASS" starttime="20210520 09:46:03.162" endtime="20210520 09:46:09.377"></status>
</kw>
<kw name="Então deverá retornar todas as opções referente ao produto mencionado" library="Actions">
<kw name="Wait Until Element Is Visible" library="SeleniumLibrary">
<doc>Waits until element ``locator`` is visible.</doc>
<arguments>
<arg>${TITULO_BUSCA}</arg>
</arguments>
<status status="PASS" starttime="20210520 09:46:09.378" endtime="20210520 09:46:09.437"></status>
</kw>
<status status="PASS" starttime="20210520 09:46:09.378" endtime="20210520 09:46:09.438"></status>
</kw>
<kw name="E devera acessar a pagina de algum selecionado" library="Actions">
<kw name="Click Image" library="SeleniumLibrary">
<doc>Clicks an image identified by ``locator``.</doc>
<arguments>
<arg>${IMAGE}</arg>
</arguments>
<msg timestamp="20210520 09:46:09.440" level="INFO">Clicking image 'https://a-static.mlcdn.com.br/210x210/sofa-retratil-reclinavel-3-lugares-suede-veludo-moscow-besthouse/magazineluiza/121936206/cf8ac85a16575d847f2d632780de751a.jpg'.</msg>
<status status="PASS" starttime="20210520 09:46:09.439" endtime="20210520 09:46:12.840"></status>
</kw>
<status status="PASS" starttime="20210520 09:46:09.438" endtime="20210520 09:46:12.840"></status>
</kw>
<kw name="E o produto deverá ser adicionado no carrinho" library="Actions">
<kw name="Click Element" library="SeleniumLibrary">
<doc>Click element identified by ``locator``.</doc>
<arguments>
<arg>${BTN_COOKIE}</arg>
</arguments>
<msg timestamp="20210520 09:46:12.840" level="INFO">Clicking element 'xpath=//*[@class="text-button-cookie"]'.</msg>
<status status="PASS" starttime="20210520 09:46:12.840" endtime="20210520 09:46:13.201"></status>
</kw>
<kw name="Click Element" library="SeleniumLibrary">
<doc>Click element identified by ``locator``.</doc>
<arguments>
<arg>${ADICIONAR SACOLA}</arg>
</arguments>
<msg timestamp="20210520 09:46:13.201" level="INFO">Clicking element 'xpath=//*[@class="button__buy button__buy-product-detail js-add-cart-button js-main-add-cart-button js-add-box-prime"]'.</msg>
<status status="PASS" starttime="20210520 09:46:13.201" endtime="20210520 09:46:15.686"></status>
</kw>
<kw name="Wait Until Element Is Visible" library="SeleniumLibrary">
<doc>Waits until element ``locator`` is visible.</doc>
<arguments>
<arg>${PG_GARANTIA_ESTENDIDA}</arg>
</arguments>
<status status="PASS" starttime="20210520 09:46:15.686" endtime="20210520 09:46:15.749"></status>
</kw>
<kw name="Click Element" library="SeleniumLibrary">
<doc>Click element identified by ``locator``.</doc>
<arguments>
<arg>${BTN_CONTINUAR}</arg>
</arguments>
<msg timestamp="20210520 09:46:15.749" level="INFO">Clicking element 'xpath=//*[@class="price-warranty__btn--continue btn-buy-warranty"][text()="continuar"]'.</msg>
<status status="PASS" starttime="20210520 09:46:15.749" endtime="20210520 09:46:16.175"></status>
</kw>
<kw name="Wait Until Element Is Visible" library="SeleniumLibrary">
<doc>Waits until element ``locator`` is visible.</doc>
<arguments>
<arg>${SACOLA}</arg>
</arguments>
<status status="PASS" starttime="20210520 09:46:16.175" endtime="20210520 09:46:17.579"></status>
</kw>
<kw name="Click Element" library="SeleniumLibrary">
<doc>Click element identified by ``locator``.</doc>
<arguments>
<arg>${EXCLUIR_ITEM_CARRINHO}</arg>
</arguments>
<msg timestamp="20210520 09:46:17.579" level="INFO">Clicking element 'xpath=//*[@class="BasketItem-delete-label"][text()="Excluir"]'.</msg>
<status status="PASS" starttime="20210520 09:46:17.579" endtime="20210520 09:46:18.281"></status>
</kw>
<status status="PASS" starttime="20210520 09:46:12.840" endtime="20210520 09:46:18.281"></status>
</kw>
<kw name="After Test" library="BasePage" type="teardown">
<kw name="Capture Page Screenshot" library="SeleniumLibrary">
<doc>Takes screenshot of the current page and embeds it into log file.</doc>
<msg timestamp="20210520 09:46:18.344" level="INFO" html="yes">&lt;/td&gt;&lt;/tr&gt;&lt;tr&gt;&lt;td colspan="3"&gt;&lt;a href="selenium-screenshot-3.png"&gt;&lt;img src="selenium-screenshot-3.png" width="800px"&gt;&lt;/a&gt;</msg>
<status status="PASS" starttime="20210520 09:46:18.281" endtime="20210520 09:46:18.344"></status>
</kw>
<status status="PASS" starttime="20210520 09:46:18.281" endtime="20210520 09:46:18.344"></status>
</kw>
<status status="PASS" starttime="20210520 09:46:03.160" endtime="20210520 09:46:18.344" critical="yes"></status>
</test>
<test id="s1-t2" name="Busca por produto com escrita incorreta">
<kw name="Dado que acesse a home do site" library="Actions">
<kw name="Go To" library="SeleniumLibrary">
<doc>Navigates the active browser instance to the provided ``url``.</doc>
<arguments>
<arg>${base_url}</arg>
</arguments>
<msg timestamp="20210520 09:46:18.359" level="INFO">Opening url 'https://www.magazineluiza.com.br/'</msg>
<status status="PASS" starttime="20210520 09:46:18.359" endtime="20210520 09:46:24.558"></status>
</kw>
<status status="PASS" starttime="20210520 09:46:18.359" endtime="20210520 09:46:24.558"></status>
</kw>
<kw name="Quando digitar no campo de busca nome incorreto do produto" library="Actions">
<kw name="Input Text" library="SeleniumLibrary">
<doc>Types the given ``text`` into text field identified by ``locator``.</doc>
<arguments>
<arg>${CAMPO_BUSCA}</arg>
<arg>Calca</arg>
</arguments>
<msg timestamp="20210520 09:46:24.558" level="INFO">Typing text 'Calca' into text field 'xpath=//*[@class="field-input-search ui-autocomplete-input"]'.</msg>
<status status="PASS" starttime="20210520 09:46:24.558" endtime="20210520 09:46:24.652"></status>
</kw>
<status status="PASS" starttime="20210520 09:46:24.558" endtime="20210520 09:46:24.652"></status>
</kw>
<kw name="Então deverá ser exibido sugestões de produtos baseado na palavavra mencionada" library="Actions">
<kw name="Element Should Not Be Visible" library="SeleniumLibrary">
<doc>Verifies that the element identified by ``locator`` is NOT visible.</doc>
<arguments>
<arg>${SUGESTOES}</arg>
</arguments>
<msg timestamp="20210520 09:46:24.683" level="INFO">Element 'xpath=//*[@class="ui-autocomplete ui-menu ui-widget ui-widget-content ui-corner-all"]' exists but is not displayed.</msg>
<status status="PASS" starttime="20210520 09:46:24.652" endtime="20210520 09:46:24.683"></status>
</kw>
<status status="PASS" starttime="20210520 09:46:24.652" endtime="20210520 09:46:24.683"></status>
</kw>
<kw name="After Test" library="BasePage" type="teardown">
<kw name="Capture Page Screenshot" library="SeleniumLibrary">
<doc>Takes screenshot of the current page and embeds it into log file.</doc>
<msg timestamp="20210520 09:46:24.870" level="INFO" html="yes">&lt;/td&gt;&lt;/tr&gt;&lt;tr&gt;&lt;td colspan="3"&gt;&lt;a href="selenium-screenshot-4.png"&gt;&lt;img src="selenium-screenshot-4.png" width="800px"&gt;&lt;/a&gt;</msg>
<status status="PASS" starttime="20210520 09:46:24.683" endtime="20210520 09:46:24.870"></status>
</kw>
<status status="PASS" starttime="20210520 09:46:24.683" endtime="20210520 09:46:24.870"></status>
</kw>
<status status="PASS" starttime="20210520 09:46:18.359" endtime="20210520 09:46:24.870" critical="yes"></status>
</test>
<kw name="Close Session" library="BasePage" type="teardown">
<kw name="Close Browser" library="SeleniumLibrary">
<doc>Closes the current browser.</doc>
<status status="PASS" starttime="20210520 09:46:24.870" endtime="20210520 09:46:30.703"></status>
</kw>
<status status="PASS" starttime="20210520 09:46:24.870" endtime="20210520 09:46:30.703"></status>
</kw>
<doc>Validação da Busca e inserção de produto no carrinho</doc>
<status status="PASS" starttime="20210520 09:45:36.063" endtime="20210520 09:46:30.703"></status>
</suite>
<statistics>
<total>
<stat pass="2" fail="0">Critical Tests</stat>
<stat pass="2" fail="0">All Tests</stat>
</total>
<tag>
</tag>
<suite>
<stat pass="2" fail="0" id="s1" name="Busca">Busca</stat>
</suite>
</statistics>
<errors>
</errors>
</robot>
